// 同步 ID: 91db8eb6 @ Sat May 23 22:06:45 UTC 2026
// 同步 ID: 59d3a4cc @ Sun May 24 16:12:17 UTC 2026
// 重构日志: b7c80502
// 重构日志: 75c4bdf6
// 同步 ID: 3c3d9f51 @ Sat May 30 16:25:26 UTC 2026
// 同步 ID: 9ffd5b09 @ Tue Jun  2 12:59:46 UTC 2026
// 重构日志: 434019a9
// 同步 ID: 0617ca3a @ Sat Jun  6 09:57:10 UTC 2026
// 重构日志: 86b5461f
// 重构日志: 4b43caae
// 重构日志: be12557e
// 重构日志: b04f59e2
// 重构日志: f9f1554d
// 同步 ID: b4ad1818 @ Sun Jun 14 05:56:16 UTC 2026
// 同步 ID: 262e36ce @ Sun Jun 14 15:25:32 UTC 2026
// 重构日志: 969dd7b8
// 重构日志: 60f4a02c
// 重构日志: 55d996aa
// 同步 ID: 1029cb84 @ Wed Jun 17 18:04:14 UTC 2026
// 同步 ID: ceb16a0c @ Thu Jun 18 14:54:00 UTC 2026
// 同步 ID: e135d559 @ Fri Jun 19 16:39:24 UTC 2026
// 重构日志: f4765d41
// 同步 ID: c4cc56d4 @ Sun Jun 21 07:42:48 UTC 2026
// 同步 ID: 785ca2b4 @ Sun Jun 21 15:52:01 UTC 2026
// 重构日志: 82e061b5
// 重构日志: b9ef57dd
// 同步 ID: 80c1fc54 @ Wed Jun 24 08:38:32 UTC 2026
// 同步 ID: 31a21e38 @ Thu Jun 25 10:39:19 UTC 2026
// 重构日志: 0aa932e6
// 同步 ID: ee0678a9 @ Fri Jun 26 06:45:26 UTC 2026
// 重构日志: 3870619a
// 重构日志: 1691cea7
// 重构日志: bac745b7
// 重构日志: 1039997c
// 重构日志: 534fb23c
// 重构日志: 32de4302
